\\wdmycloudex2\timemachinebackup\2. humber\1. componentproject\winter2018\game153\sdl_project_1.0.0\sdl_project_1.0.0\sdl_project\debug\vc140.pdb
\\wdmycloudex2\timemachinebackup\2. humber\1. componentproject\winter2018\game153\sdl_project_1.0.0\sdl_project_1.0.0\sdl_project\debug\vc140.idb
\\wdmycloudex2\timemachinebackup\2. humber\1. componentproject\winter2018\game153\sdl_project_1.0.0\sdl_project_1.0.0\sdl_project\debug\gamemanager.obj
\\wdmycloudex2\timemachinebackup\2. humber\1. componentproject\winter2018\game153\sdl_project_1.0.0\sdl_project_1.0.0\sdl_project\debug\jetski.obj
\\wdmycloudex2\timemachinebackup\2. humber\1. componentproject\winter2018\game153\sdl_project_1.0.0\sdl_project_1.0.0\sdl_project\debug\main.obj
\\wdmycloudex2\timemachinebackup\2. humber\1. componentproject\winter2018\game153\sdl_project_1.0.0\sdl_project_1.0.0\sdl_project\debug\mmath.obj
\\wdmycloudex2\timemachinebackup\2. humber\1. componentproject\winter2018\game153\sdl_project_1.0.0\sdl_project_1.0.0\sdl_project\debug\scene0.obj
\\wdmycloudex2\timemachinebackup\2. humber\1. componentproject\winter2018\game153\sdl_project_1.0.0\sdl_project_1.0.0\sdl_project\debug\timer.obj
\\wdmycloudex2\timemachinebackup\2. humber\1. componentproject\winter2018\game153\sdl_project_1.0.0\sdl_project_1.0.0\sdl_project\debug\vmath.obj
\\wdmycloudex2\timemachinebackup\2. humber\1. componentproject\winter2018\game153\sdl_project_1.0.0\sdl_project_1.0.0\sdl_project\debug\window.obj
\\wdmycloudex2\timemachinebackup\2. humber\1. componentproject\winter2018\game153\sdl_project_1.0.0\sdl_project_1.0.0\debug\sdl_project.lib
\\wdmycloudex2\timemachinebackup\2. humber\1. componentproject\winter2018\game153\sdl_project_1.0.0\sdl_project_1.0.0\debug\sdl_project.exp
\\wdmycloudex2\timemachinebackup\2. humber\1. componentproject\winter2018\game153\sdl_project_1.0.0\sdl_project_1.0.0\debug\sdl_project.pdb
\\wdmycloudex2\timemachinebackup\2. humber\1. componentproject\winter2018\game153\sdl_project_1.0.0\sdl_project_1.0.0\debug\sdl_project.exe
\\wdmycloudex2\timemachinebackup\2. humber\1. componentproject\winter2018\game153\sdl_project_1.0.0\sdl_project_1.0.0\debug\sdl_project.ilk
\\wdmycloudex2\timemachinebackup\2. humber\1. componentproject\winter2018\game153\sdl_project_1.0.0\sdl_project_1.0.0\sdl_project\debug\sdl_project.tlog\cl.command.1.tlog
\\wdmycloudex2\timemachinebackup\2. humber\1. componentproject\winter2018\game153\sdl_project_1.0.0\sdl_project_1.0.0\sdl_project\debug\sdl_project.tlog\link.command.1.tlog
\\wdmycloudex2\timemachinebackup\2. humber\1. componentproject\winter2018\game153\sdl_project_1.0.0\sdl_project_1.0.0\sdl_project\debug\sdl_project.tlog\cl.read.1.tlog
\\wdmycloudex2\timemachinebackup\2. humber\1. componentproject\winter2018\game153\sdl_project_1.0.0\sdl_project_1.0.0\sdl_project\debug\sdl_project.tlog\link.read.1.tlog
\\wdmycloudex2\timemachinebackup\2. humber\1. componentproject\winter2018\game153\sdl_project_1.0.0\sdl_project_1.0.0\sdl_project\debug\sdl_project.tlog\cl.write.1.tlog
\\wdmycloudex2\timemachinebackup\2. humber\1. componentproject\winter2018\game153\sdl_project_1.0.0\sdl_project_1.0.0\sdl_project\debug\sdl_project.tlog\sdl_project.write.1u.tlog
\\wdmycloudex2\timemachinebackup\2. humber\1. componentproject\winter2018\game153\sdl_project_1.0.0\sdl_project_1.0.0\sdl_project\debug\sdl_project.tlog\link.write.1.tlog
